<?xml version="1.0" encoding="UTF-8"?>
<!-- Generated by org.testng.reporters.JUnitReportReporter -->
<testsuite hostname="LAPTOP-52IM29O2" failures="0" tests="1" name="com.RmgYantraFramework.Test.UpdateAProject" time="5.059" errors="0" timestamp="2021-06-03T03:06:17 IST" skipped="0">
  <testcase classname="com.RmgYantraFramework.Test.UpdateAProject" name="updateaproject" time="5.059"/>
  <system-out/>
</testsuite> <!-- com.RmgYantraFramework.Test.UpdateAProject -->
