<?xml version="1.0" encoding="UTF-8"?>
<!-- Generated by org.testng.reporters.JUnitReportReporter -->
<testsuite hostname="LAPTOP-52IM29O2" failures="0" tests="1" name="com.RmgYantraFramework.Test.CreateProjectwithCompletedStatusTest" time="6.454" errors="0" timestamp="2021-06-03T03:01:37 IST" skipped="0">
  <testcase classname="com.RmgYantraFramework.Test.CreateProjectwithCompletedStatusTest" name="CreateProjectwithCompletedStatus" time="6.454"/>
  <system-out/>
</testsuite> <!-- com.RmgYantraFramework.Test.CreateProjectwithCompletedStatusTest -->
