<?xml version="1.0" encoding="UTF-8"?>
<!-- Generated by org.testng.reporters.JUnitReportReporter -->
<testsuite hostname="LAPTOP-52IM29O2" failures="0" tests="1" name="com.RmgYantraFramework.Test.CreateProjectwithOnGoingStatusTest" time="8.133" errors="0" timestamp="2021-06-03T03:04:24 IST" skipped="0">
  <testcase classname="com.RmgYantraFramework.Test.CreateProjectwithOnGoingStatusTest" name="createprojectwithongoingstatus" time="8.133"/>
  <system-out/>
</testsuite> <!-- com.RmgYantraFramework.Test.CreateProjectwithOnGoingStatusTest -->
