<?xml version="1.0" encoding="UTF-8"?>
<!-- Generated by org.testng.reporters.JUnitReportReporter -->
<testsuite hostname="LAPTOP-52IM29O2" failures="0" tests="1" name="com.RmgYantraFramework.Test.CreateProjectwithCreatedStatusTest" time="5.213" errors="0" timestamp="2021-06-02T13:56:37 IST" skipped="0">
  <testcase classname="com.RmgYantraFramework.Test.CreateProjectwithCreatedStatusTest" name="createprojectwithcreatedstatus" time="5.213"/>
  <system-out/>
</testsuite> <!-- com.RmgYantraFramework.Test.CreateProjectwithCreatedStatusTest -->
